<?xml version="1.0" encoding="UTF-8"?>
<coverage generated="1745292173638" clover="3.2.0">
  <project timestamp="1745292173638" name="All files">
    <metrics statements="42" coveredstatements="39" conditionals="5" coveredconditionals="0" methods="13" coveredmethods="12" elements="60" coveredelements="51" complexity="0" loc="42" ncloc="42" packages="2" files="2" classes="2"/>
    <package name="controllers">
      <metrics statements="21" coveredstatements="18" conditionals="3" coveredconditionals="0" methods="5" coveredmethods="4"/>
      <file name="posts.controller.ts" path="C:\Users\Suellen\Documents\HACKATHON\Repositórios\classmate-posts-service\src\controllers\posts.controller.ts">
        <metrics statements="21" coveredstatements="18" conditionals="3" coveredconditionals="0" methods="5" coveredmethods="4"/>
        <line num="2" count="1" type="stmt"/>
        <line num="4" count="1" type="stmt"/>
        <line num="5" count="1" type="stmt"/>
        <line num="6" count="1" type="stmt"/>
        <line num="9" count="1" type="stmt"/>
        <line num="10" count="0" type="stmt"/>
        <line num="11" count="0" type="cond" truecount="0" falsecount="1"/>
        <line num="12" count="0" type="stmt"/>
        <line num="15" count="1" type="stmt"/>
        <line num="16" count="1" type="stmt"/>
        <line num="17" count="1" type="stmt"/>
        <line num="18" count="1" type="stmt"/>
        <line num="21" count="1" type="stmt"/>
        <line num="22" count="1" type="stmt"/>
        <line num="23" count="1" type="stmt"/>
        <line num="24" count="1" type="cond" truecount="0" falsecount="1"/>
        <line num="25" count="1" type="stmt"/>
        <line num="28" count="1" type="stmt"/>
        <line num="29" count="1" type="stmt"/>
        <line num="30" count="1" type="cond" truecount="0" falsecount="1"/>
        <line num="31" count="1" type="stmt"/>
      </file>
    </package>
    <package name="services">
      <metrics statements="21" coveredstatements="21" conditionals="2" coveredconditionals="0" methods="8" coveredmethods="8"/>
      <file name="posts.service.ts" path="C:\Users\Suellen\Documents\HACKATHON\Repositórios\classmate-posts-service\src\services\posts.service.ts">
        <metrics statements="21" coveredstatements="21" conditionals="2" coveredconditionals="0" methods="8" coveredmethods="8"/>
        <line num="1" count="2" type="stmt"/>
        <line num="10" count="2" type="stmt"/>
        <line num="12" count="2" type="stmt"/>
        <line num="13" count="9" type="stmt"/>
        <line num="14" count="9" type="stmt"/>
        <line num="15" count="9" type="stmt"/>
        <line num="18" count="2" type="stmt"/>
        <line num="20" count="2" type="stmt"/>
        <line num="21" count="1" type="stmt"/>
        <line num="23" count="2" type="stmt"/>
        <line num="24" count="2" type="stmt"/>
        <line num="25" count="2" type="cond" truecount="0" falsecount="1"/>
        <line num="26" count="2" type="stmt"/>
        <line num="27" count="2" type="stmt"/>
        <line num="28" count="2" type="stmt"/>
        <line num="31" count="2" type="stmt"/>
        <line num="32" count="2" type="stmt"/>
        <line num="33" count="2" type="cond" truecount="0" falsecount="1"/>
        <line num="34" count="2" type="stmt"/>
        <line num="35" count="2" type="stmt"/>
        <line num="39" count="2" type="stmt"/>
      </file>
    </package>
  </project>
</coverage>
