{"C:\\Users\\Suellen\\Documents\\HACKATHON\\Repositórios\\classmate-posts-service\\src\\controllers\\posts.controller.ts": {"path":"C:\\Users\\Suellen\\Documents\\HACKATHON\\Repositórios\\classmate-posts-service\\src\\controllers\\posts.controller.ts","statementMap":{"0":{"start":{"line":2,"column":0},"end":{"line":2,"column":56}},"1":{"start":{"line":4,"column":27},"end":{"line":7,"column":1}},"2":{"start":{"line":5,"column":15},"end":{"line":5,"column":40}},"3":{"start":{"line":6,"column":2},"end":{"line":6,"column":null}},"4":{"start":{"line":4,"column":13},"end":{"line":4,"column":27}},"5":{"start":{"line":9,"column":27},"end":{"line":13,"column":1}},"6":{"start":{"line":10,"column":15},"end":{"line":10,"column":53}},"7":{"start":{"line":11,"column":2},"end":{"line":11,"column":null}},"8":{"start":{"line":11,"column":13},"end":{"line":11,"column":null}},"9":{"start":{"line":12,"column":2},"end":{"line":12,"column":null}},"10":{"start":{"line":9,"column":13},"end":{"line":9,"column":27}},"11":{"start":{"line":15,"column":26},"end":{"line":19,"column":1}},"12":{"start":{"line":16,"column":37},"end":{"line":16,"column":45}},"13":{"start":{"line":17,"column":15},"end":{"line":17,"column":61}},"14":{"start":{"line":18,"column":2},"end":{"line":18,"column":null}},"15":{"start":{"line":15,"column":13},"end":{"line":15,"column":26}},"16":{"start":{"line":21,"column":26},"end":{"line":26,"column":1}},"17":{"start":{"line":22,"column":29},"end":{"line":22,"column":37}},"18":{"start":{"line":23,"column":18},"end":{"line":23,"column":71}},"19":{"start":{"line":24,"column":2},"end":{"line":24,"column":null}},"20":{"start":{"line":24,"column":16},"end":{"line":24,"column":null}},"21":{"start":{"line":25,"column":2},"end":{"line":25,"column":null}},"22":{"start":{"line":21,"column":13},"end":{"line":21,"column":26}},"23":{"start":{"line":28,"column":26},"end":{"line":32,"column":1}},"24":{"start":{"line":29,"column":18},"end":{"line":29,"column":55}},"25":{"start":{"line":30,"column":2},"end":{"line":30,"column":null}},"26":{"start":{"line":30,"column":16},"end":{"line":30,"column":null}},"27":{"start":{"line":31,"column":2},"end":{"line":31,"column":null}},"28":{"start":{"line":28,"column":13},"end":{"line":28,"column":26}}},"fnMap":{"0":{"name":"(anonymous_9)","decl":{"start":{"line":4,"column":27},"end":{"line":4,"column":28}},"loc":{"start":{"line":4,"column":59},"end":{"line":7,"column":1}}},"1":{"name":"(anonymous_10)","decl":{"start":{"line":9,"column":27},"end":{"line":9,"column":28}},"loc":{"start":{"line":9,"column":59},"end":{"line":13,"column":1}}},"2":{"name":"(anonymous_11)","decl":{"start":{"line":15,"column":26},"end":{"line":15,"column":27}},"loc":{"start":{"line":15,"column":58},"end":{"line":19,"column":1}}},"3":{"name":"(anonymous_12)","decl":{"start":{"line":21,"column":26},"end":{"line":21,"column":27}},"loc":{"start":{"line":21,"column":58},"end":{"line":26,"column":1}}},"4":{"name":"(anonymous_13)","decl":{"start":{"line":28,"column":26},"end":{"line":28,"column":27}},"loc":{"start":{"line":28,"column":58},"end":{"line":32,"column":1}}}},"branchMap":{"0":{"loc":{"start":{"line":11,"column":2},"end":{"line":11,"column":null}},"type":"if","locations":[{"start":{"line":11,"column":2},"end":{"line":11,"column":null}}]},"1":{"loc":{"start":{"line":24,"column":2},"end":{"line":24,"column":null}},"type":"if","locations":[{"start":{"line":24,"column":2},"end":{"line":24,"column":null}}]},"2":{"loc":{"start":{"line":30,"column":2},"end":{"line":30,"column":null}},"type":"if","locations":[{"start":{"line":30,"column":2},"end":{"line":30,"column":null}}]}},"s":{"0":1,"1":1,"2":1,"3":1,"4":1,"5":1,"6":0,"7":0,"8":0,"9":0,"10":1,"11":1,"12":1,"13":1,"14":1,"15":1,"16":1,"17":1,"18":1,"19":1,"20":0,"21":1,"22":1,"23":1,"24":1,"25":1,"26":0,"27":1,"28":1},"f":{"0":1,"1":0,"2":1,"3":1,"4":1},"b":{"0":[0],"1":[0],"2":[0]}}
,"C:\\Users\\Suellen\\Documents\\HACKATHON\\Repositórios\\classmate-posts-service\\src\\services\\posts.service.ts": {"path":"C:\\Users\\Suellen\\Documents\\HACKATHON\\Repositórios\\classmate-posts-service\\src\\services\\posts.service.ts","statementMap":{"0":{"start":{"line":1,"column":0},"end":{"line":1,"column":35}},"1":{"start":{"line":10,"column":22},"end":{"line":10,"column":24}},"2":{"start":{"line":12,"column":26},"end":{"line":16,"column":1}},"3":{"start":{"line":13,"column":24},"end":{"line":13,"column":64}},"4":{"start":{"line":14,"column":2},"end":{"line":14,"column":null}},"5":{"start":{"line":15,"column":2},"end":{"line":15,"column":null}},"6":{"start":{"line":12,"column":13},"end":{"line":12,"column":26}},"7":{"start":{"line":18,"column":27},"end":{"line":18,"column":46}},"8":{"start":{"line":18,"column":41},"end":{"line":18,"column":46}},"9":{"start":{"line":18,"column":13},"end":{"line":18,"column":27}},"10":{"start":{"line":20,"column":27},"end":{"line":21,"column":30}},"11":{"start":{"line":21,"column":2},"end":{"line":21,"column":30}},"12":{"start":{"line":21,"column":18},"end":{"line":21,"column":29}},"13":{"start":{"line":20,"column":13},"end":{"line":20,"column":27}},"14":{"start":{"line":23,"column":26},"end":{"line":29,"column":1}},"15":{"start":{"line":24,"column":15},"end":{"line":24,"column":43}},"16":{"start":{"line":24,"column":31},"end":{"line":24,"column":42}},"17":{"start":{"line":25,"column":2},"end":{"line":25,"column":null}},"18":{"start":{"line":25,"column":13},"end":{"line":25,"column":null}},"19":{"start":{"line":26,"column":2},"end":{"line":26,"column":null}},"20":{"start":{"line":27,"column":2},"end":{"line":27,"column":null}},"21":{"start":{"line":28,"column":2},"end":{"line":28,"column":null}},"22":{"start":{"line":23,"column":13},"end":{"line":23,"column":26}},"23":{"start":{"line":31,"column":26},"end":{"line":36,"column":1}},"24":{"start":{"line":32,"column":16},"end":{"line":32,"column":49}},"25":{"start":{"line":32,"column":37},"end":{"line":32,"column":48}},"26":{"start":{"line":33,"column":2},"end":{"line":33,"column":null}},"27":{"start":{"line":33,"column":20},"end":{"line":33,"column":null}},"28":{"start":{"line":34,"column":2},"end":{"line":34,"column":null}},"29":{"start":{"line":35,"column":2},"end":{"line":35,"column":null}},"30":{"start":{"line":31,"column":13},"end":{"line":31,"column":26}},"31":{"start":{"line":39,"column":13},"end":{"line":39,"column":null}}},"fnMap":{"0":{"name":"(anonymous_0)","decl":{"start":{"line":12,"column":26},"end":{"line":12,"column":27}},"loc":{"start":{"line":12,"column":83},"end":{"line":16,"column":1}}},"1":{"name":"(anonymous_1)","decl":{"start":{"line":18,"column":27},"end":{"line":18,"column":38}},"loc":{"start":{"line":18,"column":41},"end":{"line":18,"column":46}}},"2":{"name":"(anonymous_2)","decl":{"start":{"line":20,"column":27},"end":{"line":20,"column":28}},"loc":{"start":{"line":21,"column":2},"end":{"line":21,"column":30}}},"3":{"name":"(anonymous_3)","decl":{"start":{"line":21,"column":13},"end":{"line":21,"column":14}},"loc":{"start":{"line":21,"column":18},"end":{"line":21,"column":29}}},"4":{"name":"(anonymous_4)","decl":{"start":{"line":23,"column":26},"end":{"line":23,"column":27}},"loc":{"start":{"line":23,"column":86},"end":{"line":29,"column":1}}},"5":{"name":"(anonymous_5)","decl":{"start":{"line":24,"column":26},"end":{"line":24,"column":27}},"loc":{"start":{"line":24,"column":31},"end":{"line":24,"column":42}}},"6":{"name":"(anonymous_6)","decl":{"start":{"line":31,"column":26},"end":{"line":31,"column":27}},"loc":{"start":{"line":31,"column":50},"end":{"line":36,"column":1}}},"7":{"name":"(anonymous_7)","decl":{"start":{"line":32,"column":32},"end":{"line":32,"column":33}},"loc":{"start":{"line":32,"column":37},"end":{"line":32,"column":48}}}},"branchMap":{"0":{"loc":{"start":{"line":25,"column":2},"end":{"line":25,"column":null}},"type":"if","locations":[{"start":{"line":25,"column":2},"end":{"line":25,"column":null}}]},"1":{"loc":{"start":{"line":33,"column":2},"end":{"line":33,"column":null}},"type":"if","locations":[{"start":{"line":33,"column":2},"end":{"line":33,"column":null}}]}},"s":{"0":2,"1":2,"2":2,"3":9,"4":9,"5":9,"6":2,"7":2,"8":2,"9":2,"10":2,"11":1,"12":1,"13":2,"14":2,"15":2,"16":2,"17":2,"18":0,"19":2,"20":2,"21":2,"22":2,"23":2,"24":2,"25":2,"26":2,"27":0,"28":2,"29":2,"30":2,"31":2},"f":{"0":9,"1":2,"2":1,"3":1,"4":2,"5":2,"6":2,"7":2},"b":{"0":[0],"1":[0]}}
}
