TN:
SF:src\controllers\posts.controller.ts
FN:4,(anonymous_9)
FN:9,(anonymous_10)
FN:15,(anonymous_11)
FN:21,(anonymous_12)
FN:28,(anonymous_13)
FNF:5
FNH:4
FNDA:1,(anonymous_9)
FNDA:0,(anonymous_10)
FNDA:1,(anonymous_11)
FNDA:1,(anonymous_12)
FNDA:1,(anonymous_13)
DA:2,1
DA:4,1
DA:5,1
DA:6,1
DA:9,1
DA:10,0
DA:11,0
DA:12,0
DA:15,1
DA:16,1
DA:17,1
DA:18,1
DA:21,1
DA:22,1
DA:23,1
DA:24,1
DA:25,1
DA:28,1
DA:29,1
DA:30,1
DA:31,1
LF:21
LH:18
BRDA:11,0,0,0
BRDA:24,1,0,0
BRDA:30,2,0,0
BRF:3
BRH:0
end_of_record
TN:
SF:src\services\posts.service.ts
FN:12,(anonymous_0)
FN:18,(anonymous_1)
FN:20,(anonymous_2)
FN:21,(anonymous_3)
FN:23,(anonymous_4)
FN:24,(anonymous_5)
FN:31,(anonymous_6)
FN:32,(anonymous_7)
FNF:8
FNH:8
FNDA:9,(anonymous_0)
FNDA:2,(anonymous_1)
FNDA:1,(anonymous_2)
FNDA:1,(anonymous_3)
FNDA:2,(anonymous_4)
FNDA:2,(anonymous_5)
FNDA:2,(anonymous_6)
FNDA:2,(anonymous_7)
DA:1,2
DA:10,2
DA:12,2
DA:13,9
DA:14,9
DA:15,9
DA:18,2
DA:20,2
DA:21,1
DA:23,2
DA:24,2
DA:25,2
DA:26,2
DA:27,2
DA:28,2
DA:31,2
DA:32,2
DA:33,2
DA:34,2
DA:35,2
DA:39,2
LF:21
LH:21
BRDA:25,0,0,0
BRDA:33,1,0,0
BRF:2
BRH:0
end_of_record
